e:\semester a\c++\hw\2\x64\debug\vc140.pdb
e:\semester a\c++\hw\2\x64\debug\vc140.idb
e:\semester a\c++\hw\2\x64\debug\address.obj
e:\semester a\c++\hw\2\x64\debug\cargo.obj
e:\semester a\c++\hw\2\x64\debug\crewmember.obj
e:\semester a\c++\hw\2\x64\debug\flight.obj
e:\semester a\c++\hw\2\x64\debug\flightcompany.obj
e:\semester a\c++\hw\2\x64\debug\flightinfo.obj
e:\semester a\c++\hw\2\x64\debug\host.obj
e:\semester a\c++\hw\2\x64\debug\main.obj
e:\semester a\c++\hw\2\x64\debug\pilot.obj
e:\semester a\c++\hw\2\x64\debug\plane.obj
e:\semester a\c++\hw\2\x64\debug\flight1_18.ilk
e:\semester a\c++\hw\2\x64\debug\flight1_18.exe
e:\semester a\c++\hw\2\x64\debug\flight1_18.pdb
e:\semester a\c++\hw\2\x64\debug\pilot.obj.enc
e:\semester a\c++\hw\2\x64\debug\flight1_18.tlog\cl.command.1.tlog
e:\semester a\c++\hw\2\x64\debug\flight1_18.tlog\cl.read.1.tlog
e:\semester a\c++\hw\2\x64\debug\flight1_18.tlog\cl.write.1.tlog
e:\semester a\c++\hw\2\x64\debug\flight1_18.tlog\link.command.1.tlog
e:\semester a\c++\hw\2\x64\debug\flight1_18.tlog\link.read.1.tlog
e:\semester a\c++\hw\2\x64\debug\flight1_18.tlog\link.write.1.tlog
